-- Found ament_cmake: 1.3.11 (/opt/ros/humble/share/ament_cmake/cmake)
-- Found Python3: /usr/bin/python3 (found version "3.10.12") found components: Interpreter 
-- Override CMake install command with custom implementation using symlinks instead of copying resources
-- Found rosidl_default_generators: 1.2.0 (/opt/ros/humble/share/rosidl_default_generators/cmake)
-- Using all available rosidl_typesupport_c: rosidl_typesupport_fastrtps_c;rosidl_typesupport_introspection_c
-- Found rosidl_adapter: 3.1.6 (/opt/ros/humble/share/rosidl_adapter/cmake)
-- Using all available rosidl_typesupport_cpp: rosidl_typesupport_fastrtps_cpp;rosidl_typesupport_introspection_cpp
-- Found ament_cmake_ros: 0.10.0 (/opt/ros/humble/share/ament_cmake_ros/cmake)
-- Using all available rosidl_typesupport_c: rosidl_typesupport_fastrtps_c;rosidl_typesupport_introspection_c
-- Using all available rosidl_typesupport_cpp: rosidl_typesupport_fastrtps_cpp;rosidl_typesupport_introspection_cpp
-- Found PythonInterp: /usr/bin/python3 (found suitable version "3.10.12", minimum required is "3.6") 
-- Found python_cmake_module: 0.10.0 (/opt/ros/humble/share/python_cmake_module/cmake)
-- Found PythonLibs: /usr/lib/x86_64-linux-gnu/libpython3.10.so (found suitable version "3.10.12", minimum required is "3.5") 
-- Using PYTHON_EXECUTABLE: /usr/bin/python3
-- Using PYTHON_INCLUDE_DIRS: /usr/include/python3.10
-- Using PYTHON_LIBRARIES: /usr/lib/x86_64-linux-gnu/libpython3.10.so
-- Found PythonExtra: .so  
-- Configuring done
-- Generating done
-- Build files have been written to: /home/zainstark/MATE-ROV-2025/software/gui/ros_ws/build/rov_debug_interfaces
[  2%] [34m[1mGenerating C code for ROS interfaces[0m
[  5%] [34m[1mGenerating C++ code for ROS interfaces[0m
[  5%] Built target ament_cmake_python_symlink_rov_debug_interfaces
running egg_info
creating rov_debug_interfaces.egg-info
writing rov_debug_interfaces.egg-info/PKG-INFO
writing dependency_links to rov_debug_interfaces.egg-info/dependency_links.txt
writing top-level names to rov_debug_interfaces.egg-info/top_level.txt
writing manifest file 'rov_debug_interfaces.egg-info/SOURCES.txt'
reading manifest file 'rov_debug_interfaces.egg-info/SOURCES.txt'
writing manifest file 'rov_debug_interfaces.egg-info/SOURCES.txt'
[  5%] Built target ament_cmake_python_build_rov_debug_interfaces_egg
[  5%] Built target rov_debug_interfaces__cpp
[  7%] [32mBuilding C object CMakeFiles/rov_debug_interfaces__rosidl_generator_c.dir/rosidl_generator_c/rov_debug_interfaces/msg/detail/imu__functions.c.o[0m
[ 10%] [32mBuilding C object CMakeFiles/rov_debug_interfaces__rosidl_generator_c.dir/rosidl_generator_c/rov_debug_interfaces/msg/detail/decoded_data__functions.c.o[0m
[ 17%] [34m[1mGenerating C++ introspection for ROS interfaces[0m
[ 17%] [34m[1mGenerating C++ type support dispatch for ROS interfaces[0m
[ 17%] [34m[1mGenerating C++ type support for eProsima Fast-RTPS[0m
[ 20%] [32m[1mLinking C shared library librov_debug_interfaces__rosidl_generator_c.so[0m
[ 20%] Built target rov_debug_interfaces__rosidl_generator_c
[ 28%] [34m[1mGenerating C type support for eProsima Fast-RTPS[0m
[ 28%] [34m[1mGenerating C introspection for ROS interfaces[0m
[ 28%] [34m[1mGenerating C type support dispatch for ROS interfaces[0m
[ 30%] [32mBuilding CXX object CMakeFiles/rov_debug_interfaces__rosidl_typesupport_cpp.dir/rosidl_typesupport_cpp/rov_debug_interfaces/msg/imu__type_support.cpp.o[0m
[ 33%] [32mBuilding CXX object CMakeFiles/rov_debug_interfaces__rosidl_typesupport_cpp.dir/rosidl_typesupport_cpp/rov_debug_interfaces/msg/decoded_data__type_support.cpp.o[0m
[ 35%] [32mBuilding CXX object CMakeFiles/rov_debug_interfaces__rosidl_typesupport_introspection_cpp.dir/rosidl_typesupport_introspection_cpp/rov_debug_interfaces/msg/detail/imu__type_support.cpp.o[0m
[ 38%] [32mBuilding CXX object CMakeFiles/rov_debug_interfaces__rosidl_typesupport_introspection_cpp.dir/rosidl_typesupport_introspection_cpp/rov_debug_interfaces/msg/detail/decoded_data__type_support.cpp.o[0m
[ 43%] [32mBuilding CXX object CMakeFiles/rov_debug_interfaces__rosidl_typesupport_fastrtps_cpp.dir/rosidl_typesupport_fastrtps_cpp/rov_debug_interfaces/msg/detail/dds_fastrtps/decoded_data__type_support.cpp.o[0m
[ 43%] [32mBuilding CXX object CMakeFiles/rov_debug_interfaces__rosidl_typesupport_fastrtps_cpp.dir/rosidl_typesupport_fastrtps_cpp/rov_debug_interfaces/msg/detail/dds_fastrtps/imu__type_support.cpp.o[0m
[ 46%] [32mBuilding CXX object CMakeFiles/rov_debug_interfaces__rosidl_typesupport_c.dir/rosidl_typesupport_c/rov_debug_interfaces/msg/decoded_data__type_support.cpp.o[0m
[ 48%] [32mBuilding CXX object CMakeFiles/rov_debug_interfaces__rosidl_typesupport_c.dir/rosidl_typesupport_c/rov_debug_interfaces/msg/imu__type_support.cpp.o[0m
[ 53%] [32mBuilding C object CMakeFiles/rov_debug_interfaces__rosidl_typesupport_introspection_c.dir/rosidl_typesupport_introspection_c/rov_debug_interfaces/msg/detail/imu__type_support.c.o[0m
[ 53%] [32mBuilding C object CMakeFiles/rov_debug_interfaces__rosidl_typesupport_introspection_c.dir/rosidl_typesupport_introspection_c/rov_debug_interfaces/msg/detail/decoded_data__type_support.c.o[0m
[ 56%] [32m[1mLinking CXX shared library librov_debug_interfaces__rosidl_typesupport_c.so[0m
[ 58%] [32m[1mLinking C shared library librov_debug_interfaces__rosidl_typesupport_introspection_c.so[0m
[ 61%] [32mBuilding CXX object CMakeFiles/rov_debug_interfaces__rosidl_typesupport_fastrtps_c.dir/rosidl_typesupport_fastrtps_c/rov_debug_interfaces/msg/detail/decoded_data__type_support_c.cpp.o[0m
[ 64%] [32mBuilding CXX object CMakeFiles/rov_debug_interfaces__rosidl_typesupport_fastrtps_c.dir/rosidl_typesupport_fastrtps_c/rov_debug_interfaces/msg/detail/imu__type_support_c.cpp.o[0m
[ 64%] Built target rov_debug_interfaces__rosidl_typesupport_c
[ 64%] Built target rov_debug_interfaces__rosidl_typesupport_introspection_c
[ 66%] [32m[1mLinking CXX shared library librov_debug_interfaces__rosidl_typesupport_cpp.so[0m
[ 66%] Built target rov_debug_interfaces__rosidl_typesupport_cpp
[ 69%] [32m[1mLinking CXX shared library librov_debug_interfaces__rosidl_typesupport_introspection_cpp.so[0m
[ 71%] [32m[1mLinking CXX shared library librov_debug_interfaces__rosidl_typesupport_fastrtps_cpp.so[0m
[ 71%] Built target rov_debug_interfaces__rosidl_typesupport_introspection_cpp
[ 74%] [32m[1mLinking CXX shared library librov_debug_interfaces__rosidl_typesupport_fastrtps_c.so[0m
[ 74%] Built target rov_debug_interfaces__rosidl_typesupport_fastrtps_cpp
[ 74%] Built target rov_debug_interfaces__rosidl_typesupport_fastrtps_c
[ 74%] Built target rov_debug_interfaces
[ 76%] [34m[1mGenerating Python code for ROS interfaces[0m
[ 76%] Built target rov_debug_interfaces__py
[ 79%] [32mBuilding C object CMakeFiles/rov_debug_interfaces__rosidl_generator_py.dir/rosidl_generator_py/rov_debug_interfaces/msg/_decoded_data_s.c.o[0m
[ 82%] [32mBuilding C object CMakeFiles/rov_debug_interfaces__rosidl_generator_py.dir/rosidl_generator_py/rov_debug_interfaces/msg/_imu_s.c.o[0m
[ 84%] [32m[1mLinking C shared library rosidl_generator_py/rov_debug_interfaces/librov_debug_interfaces__rosidl_generator_py.so[0m
[ 84%] Built target rov_debug_interfaces__rosidl_generator_py
[ 92%] [32mBuilding C object CMakeFiles/rov_debug_interfaces__rosidl_typesupport_introspection_c__pyext.dir/rosidl_generator_py/rov_debug_interfaces/_rov_debug_interfaces_s.ep.rosidl_typesupport_introspection_c.c.o[0m
[ 92%] [32mBuilding C object CMakeFiles/rov_debug_interfaces__rosidl_typesupport_c__pyext.dir/rosidl_generator_py/rov_debug_interfaces/_rov_debug_interfaces_s.ep.rosidl_typesupport_c.c.o[0m
[ 92%] [32mBuilding C object CMakeFiles/rov_debug_interfaces__rosidl_typesupport_fastrtps_c__pyext.dir/rosidl_generator_py/rov_debug_interfaces/_rov_debug_interfaces_s.ep.rosidl_typesupport_fastrtps_c.c.o[0m
[ 97%] [32m[1mLinking C shared library rosidl_generator_py/rov_debug_interfaces/rov_debug_interfaces_s__rosidl_typesupport_introspection_c.cpython-310-x86_64-linux-gnu.so[0m
[ 97%] [32m[1mLinking C shared library rosidl_generator_py/rov_debug_interfaces/rov_debug_interfaces_s__rosidl_typesupport_c.cpython-310-x86_64-linux-gnu.so[0m
[100%] [32m[1mLinking C shared library rosidl_generator_py/rov_debug_interfaces/rov_debug_interfaces_s__rosidl_typesupport_fastrtps_c.cpython-310-x86_64-linux-gnu.so[0m
[100%] Built target rov_debug_interfaces__rosidl_typesupport_introspection_c__pyext
[100%] Built target rov_debug_interfaces__rosidl_typesupport_c__pyext
[100%] Built target rov_debug_interfaces__rosidl_typesupport_fastrtps_c__pyext
-- Install configuration: ""
-- Execute custom install script
-- Symlinking: /home/zainstark/MATE-ROV-2025/software/gui/ros_ws/install/rov_debug_interfaces/share/ament_index/resource_index/rosidl_interfaces/rov_debug_interfaces
-- Symlinking: /home/zainstark/MATE-ROV-2025/software/gui/ros_ws/install/rov_debug_interfaces/include/rov_debug_interfaces/rov_debug_interfaces/msg/decoded_data.h
-- Symlinking: /home/zainstark/MATE-ROV-2025/software/gui/ros_ws/install/rov_debug_interfaces/include/rov_debug_interfaces/rov_debug_interfaces/msg/detail/decoded_data__functions.h
-- Symlinking: /home/zainstark/MATE-ROV-2025/software/gui/ros_ws/install/rov_debug_interfaces/include/rov_debug_interfaces/rov_debug_interfaces/msg/detail/decoded_data__struct.h
-- Symlinking: /home/zainstark/MATE-ROV-2025/software/gui/ros_ws/install/rov_debug_interfaces/include/rov_debug_interfaces/rov_debug_interfaces/msg/detail/decoded_data__type_support.h
-- Symlinking: /home/zainstark/MATE-ROV-2025/software/gui/ros_ws/install/rov_debug_interfaces/include/rov_debug_interfaces/rov_debug_interfaces/msg/detail/imu__functions.h
-- Symlinking: /home/zainstark/MATE-ROV-2025/software/gui/ros_ws/install/rov_debug_interfaces/include/rov_debug_interfaces/rov_debug_interfaces/msg/detail/imu__struct.h
-- Symlinking: /home/zainstark/MATE-ROV-2025/software/gui/ros_ws/install/rov_debug_interfaces/include/rov_debug_interfaces/rov_debug_interfaces/msg/detail/imu__type_support.h
-- Symlinking: /home/zainstark/MATE-ROV-2025/software/gui/ros_ws/install/rov_debug_interfaces/include/rov_debug_interfaces/rov_debug_interfaces/msg/imu.h
-- Symlinking: /home/zainstark/MATE-ROV-2025/software/gui/ros_ws/install/rov_debug_interfaces/include/rov_debug_interfaces/rov_debug_interfaces/msg/rosidl_generator_c__visibility_control.h
-- Symlinking: /home/zainstark/MATE-ROV-2025/software/gui/ros_ws/install/rov_debug_interfaces/share/rov_debug_interfaces/environment/library_path.sh
-- Symlinking: /home/zainstark/MATE-ROV-2025/software/gui/ros_ws/install/rov_debug_interfaces/share/rov_debug_interfaces/environment/library_path.dsv
-- Symlinking: /home/zainstark/MATE-ROV-2025/software/gui/ros_ws/install/rov_debug_interfaces/include/rov_debug_interfaces/rov_debug_interfaces/msg/detail/decoded_data__rosidl_typesupport_fastrtps_c.h
-- Symlinking: /home/zainstark/MATE-ROV-2025/software/gui/ros_ws/install/rov_debug_interfaces/include/rov_debug_interfaces/rov_debug_interfaces/msg/detail/imu__rosidl_typesupport_fastrtps_c.h
-- Symlinking: /home/zainstark/MATE-ROV-2025/software/gui/ros_ws/install/rov_debug_interfaces/include/rov_debug_interfaces/rov_debug_interfaces/msg/rosidl_typesupport_fastrtps_c__visibility_control.h
-- Symlinking: /home/zainstark/MATE-ROV-2025/software/gui/ros_ws/install/rov_debug_interfaces/include/rov_debug_interfaces/rov_debug_interfaces/msg/detail/decoded_data__rosidl_typesupport_introspection_c.h
-- Symlinking: /home/zainstark/MATE-ROV-2025/software/gui/ros_ws/install/rov_debug_interfaces/include/rov_debug_interfaces/rov_debug_interfaces/msg/detail/imu__rosidl_typesupport_introspection_c.h
-- Symlinking: /home/zainstark/MATE-ROV-2025/software/gui/ros_ws/install/rov_debug_interfaces/include/rov_debug_interfaces/rov_debug_interfaces/msg/rosidl_typesupport_introspection_c__visibility_control.h
-- Symlinking: /home/zainstark/MATE-ROV-2025/software/gui/ros_ws/install/rov_debug_interfaces/include/rov_debug_interfaces/rov_debug_interfaces/msg/decoded_data.hpp
-- Symlinking: /home/zainstark/MATE-ROV-2025/software/gui/ros_ws/install/rov_debug_interfaces/include/rov_debug_interfaces/rov_debug_interfaces/msg/detail/decoded_data__builder.hpp
-- Symlinking: /home/zainstark/MATE-ROV-2025/software/gui/ros_ws/install/rov_debug_interfaces/include/rov_debug_interfaces/rov_debug_interfaces/msg/detail/decoded_data__struct.hpp
-- Symlinking: /home/zainstark/MATE-ROV-2025/software/gui/ros_ws/install/rov_debug_interfaces/include/rov_debug_interfaces/rov_debug_interfaces/msg/detail/decoded_data__traits.hpp
-- Symlinking: /home/zainstark/MATE-ROV-2025/software/gui/ros_ws/install/rov_debug_interfaces/include/rov_debug_interfaces/rov_debug_interfaces/msg/detail/decoded_data__type_support.hpp
-- Symlinking: /home/zainstark/MATE-ROV-2025/software/gui/ros_ws/install/rov_debug_interfaces/include/rov_debug_interfaces/rov_debug_interfaces/msg/detail/imu__builder.hpp
-- Symlinking: /home/zainstark/MATE-ROV-2025/software/gui/ros_ws/install/rov_debug_interfaces/include/rov_debug_interfaces/rov_debug_interfaces/msg/detail/imu__struct.hpp
-- Symlinking: /home/zainstark/MATE-ROV-2025/software/gui/ros_ws/install/rov_debug_interfaces/include/rov_debug_interfaces/rov_debug_interfaces/msg/detail/imu__traits.hpp
-- Symlinking: /home/zainstark/MATE-ROV-2025/software/gui/ros_ws/install/rov_debug_interfaces/include/rov_debug_interfaces/rov_debug_interfaces/msg/detail/imu__type_support.hpp
-- Symlinking: /home/zainstark/MATE-ROV-2025/software/gui/ros_ws/install/rov_debug_interfaces/include/rov_debug_interfaces/rov_debug_interfaces/msg/imu.hpp
-- Symlinking: /home/zainstark/MATE-ROV-2025/software/gui/ros_ws/install/rov_debug_interfaces/include/rov_debug_interfaces/rov_debug_interfaces/msg/rosidl_generator_cpp__visibility_control.hpp
-- Symlinking: /home/zainstark/MATE-ROV-2025/software/gui/ros_ws/install/rov_debug_interfaces/include/rov_debug_interfaces/rov_debug_interfaces/msg/detail/decoded_data__rosidl_typesupport_fastrtps_cpp.hpp
-- Symlinking: /home/zainstark/MATE-ROV-2025/software/gui/ros_ws/install/rov_debug_interfaces/include/rov_debug_interfaces/rov_debug_interfaces/msg/detail/imu__rosidl_typesupport_fastrtps_cpp.hpp
-- Symlinking: /home/zainstark/MATE-ROV-2025/software/gui/ros_ws/install/rov_debug_interfaces/include/rov_debug_interfaces/rov_debug_interfaces/msg/rosidl_typesupport_fastrtps_cpp__visibility_control.h
-- Symlinking: /home/zainstark/MATE-ROV-2025/software/gui/ros_ws/install/rov_debug_interfaces/include/rov_debug_interfaces/rov_debug_interfaces/msg/detail/decoded_data__rosidl_typesupport_introspection_cpp.hpp
-- Symlinking: /home/zainstark/MATE-ROV-2025/software/gui/ros_ws/install/rov_debug_interfaces/include/rov_debug_interfaces/rov_debug_interfaces/msg/detail/imu__rosidl_typesupport_introspection_cpp.hpp
-- Symlinking: /home/zainstark/MATE-ROV-2025/software/gui/ros_ws/install/rov_debug_interfaces/share/rov_debug_interfaces/environment/pythonpath.sh
-- Symlinking: /home/zainstark/MATE-ROV-2025/software/gui/ros_ws/install/rov_debug_interfaces/share/rov_debug_interfaces/environment/pythonpath.dsv
-- Symlinking: /home/zainstark/MATE-ROV-2025/software/gui/ros_ws/install/rov_debug_interfaces/local/lib/python3.10/dist-packages/rov_debug_interfaces-0.0.0-py3.10.egg-info/PKG-INFO
-- Symlinking: /home/zainstark/MATE-ROV-2025/software/gui/ros_ws/install/rov_debug_interfaces/local/lib/python3.10/dist-packages/rov_debug_interfaces-0.0.0-py3.10.egg-info/SOURCES.txt
-- Symlinking: /home/zainstark/MATE-ROV-2025/software/gui/ros_ws/install/rov_debug_interfaces/local/lib/python3.10/dist-packages/rov_debug_interfaces-0.0.0-py3.10.egg-info/dependency_links.txt
-- Symlinking: /home/zainstark/MATE-ROV-2025/software/gui/ros_ws/install/rov_debug_interfaces/local/lib/python3.10/dist-packages/rov_debug_interfaces-0.0.0-py3.10.egg-info/top_level.txt
-- Symlinking: /home/zainstark/MATE-ROV-2025/software/gui/ros_ws/install/rov_debug_interfaces/local/lib/python3.10/dist-packages/rov_debug_interfaces/__init__.py
-- Symlinking: /home/zainstark/MATE-ROV-2025/software/gui/ros_ws/install/rov_debug_interfaces/local/lib/python3.10/dist-packages/rov_debug_interfaces/_rov_debug_interfaces_s.ep.rosidl_typesupport_c.c
-- Symlinking: /home/zainstark/MATE-ROV-2025/software/gui/ros_ws/install/rov_debug_interfaces/local/lib/python3.10/dist-packages/rov_debug_interfaces/_rov_debug_interfaces_s.ep.rosidl_typesupport_fastrtps_c.c
-- Symlinking: /home/zainstark/MATE-ROV-2025/software/gui/ros_ws/install/rov_debug_interfaces/local/lib/python3.10/dist-packages/rov_debug_interfaces/_rov_debug_interfaces_s.ep.rosidl_typesupport_introspection_c.c
-- Symlinking: /home/zainstark/MATE-ROV-2025/software/gui/ros_ws/install/rov_debug_interfaces/local/lib/python3.10/dist-packages/rov_debug_interfaces/librov_debug_interfaces__rosidl_generator_py.so
-- Symlinking: /home/zainstark/MATE-ROV-2025/software/gui/ros_ws/install/rov_debug_interfaces/local/lib/python3.10/dist-packages/rov_debug_interfaces/msg/__init__.py
-- Symlinking: /home/zainstark/MATE-ROV-2025/software/gui/ros_ws/install/rov_debug_interfaces/local/lib/python3.10/dist-packages/rov_debug_interfaces/msg/_decoded_data.py
-- Symlinking: /home/zainstark/MATE-ROV-2025/software/gui/ros_ws/install/rov_debug_interfaces/local/lib/python3.10/dist-packages/rov_debug_interfaces/msg/_decoded_data_s.c
-- Symlinking: /home/zainstark/MATE-ROV-2025/software/gui/ros_ws/install/rov_debug_interfaces/local/lib/python3.10/dist-packages/rov_debug_interfaces/msg/_imu.py
-- Symlinking: /home/zainstark/MATE-ROV-2025/software/gui/ros_ws/install/rov_debug_interfaces/local/lib/python3.10/dist-packages/rov_debug_interfaces/msg/_imu_s.c
-- Symlinking: /home/zainstark/MATE-ROV-2025/software/gui/ros_ws/install/rov_debug_interfaces/local/lib/python3.10/dist-packages/rov_debug_interfaces/rov_debug_interfaces_s__rosidl_typesupport_c.cpython-310-x86_64-linux-gnu.so
-- Symlinking: /home/zainstark/MATE-ROV-2025/software/gui/ros_ws/install/rov_debug_interfaces/local/lib/python3.10/dist-packages/rov_debug_interfaces/rov_debug_interfaces_s__rosidl_typesupport_fastrtps_c.cpython-310-x86_64-linux-gnu.so
-- Symlinking: /home/zainstark/MATE-ROV-2025/software/gui/ros_ws/install/rov_debug_interfaces/local/lib/python3.10/dist-packages/rov_debug_interfaces/rov_debug_interfaces_s__rosidl_typesupport_introspection_c.cpython-310-x86_64-linux-gnu.so
-- Up-to-date symlink: /home/zainstark/MATE-ROV-2025/software/gui/ros_ws/install/rov_debug_interfaces/local/lib/python3.10/dist-packages/rov_debug_interfaces/rov_debug_interfaces_s__rosidl_typesupport_fastrtps_c.cpython-310-x86_64-linux-gnu.so
-- Up-to-date symlink: /home/zainstark/MATE-ROV-2025/software/gui/ros_ws/install/rov_debug_interfaces/local/lib/python3.10/dist-packages/rov_debug_interfaces/rov_debug_interfaces_s__rosidl_typesupport_introspection_c.cpython-310-x86_64-linux-gnu.so
-- Up-to-date symlink: /home/zainstark/MATE-ROV-2025/software/gui/ros_ws/install/rov_debug_interfaces/local/lib/python3.10/dist-packages/rov_debug_interfaces/rov_debug_interfaces_s__rosidl_typesupport_c.cpython-310-x86_64-linux-gnu.so
-- Symlinking: /home/zainstark/MATE-ROV-2025/software/gui/ros_ws/install/rov_debug_interfaces/share/rov_debug_interfaces/msg/Imu.idl
-- Symlinking: /home/zainstark/MATE-ROV-2025/software/gui/ros_ws/install/rov_debug_interfaces/share/rov_debug_interfaces/msg/DecodedData.idl
-- Symlinking: /home/zainstark/MATE-ROV-2025/software/gui/ros_ws/install/rov_debug_interfaces/share/rov_debug_interfaces/msg/Imu.msg
-- Symlinking: /home/zainstark/MATE-ROV-2025/software/gui/ros_ws/install/rov_debug_interfaces/share/rov_debug_interfaces/msg/DecodedData.msg
-- Symlinking: /home/zainstark/MATE-ROV-2025/software/gui/ros_ws/install/rov_debug_interfaces/share/ament_index/resource_index/package_run_dependencies/rov_debug_interfaces
-- Symlinking: /home/zainstark/MATE-ROV-2025/software/gui/ros_ws/install/rov_debug_interfaces/share/ament_index/resource_index/parent_prefix_path/rov_debug_interfaces
-- Symlinking: /home/zainstark/MATE-ROV-2025/software/gui/ros_ws/install/rov_debug_interfaces/share/rov_debug_interfaces/environment/ament_prefix_path.sh
-- Symlinking: /home/zainstark/MATE-ROV-2025/software/gui/ros_ws/install/rov_debug_interfaces/share/rov_debug_interfaces/environment/ament_prefix_path.dsv
-- Symlinking: /home/zainstark/MATE-ROV-2025/software/gui/ros_ws/install/rov_debug_interfaces/share/rov_debug_interfaces/environment/path.sh
-- Symlinking: /home/zainstark/MATE-ROV-2025/software/gui/ros_ws/install/rov_debug_interfaces/share/rov_debug_interfaces/environment/path.dsv
-- Symlinking: /home/zainstark/MATE-ROV-2025/software/gui/ros_ws/install/rov_debug_interfaces/share/rov_debug_interfaces/local_setup.bash
-- Symlinking: /home/zainstark/MATE-ROV-2025/software/gui/ros_ws/install/rov_debug_interfaces/share/rov_debug_interfaces/local_setup.sh
-- Symlinking: /home/zainstark/MATE-ROV-2025/software/gui/ros_ws/install/rov_debug_interfaces/share/rov_debug_interfaces/local_setup.zsh
-- Symlinking: /home/zainstark/MATE-ROV-2025/software/gui/ros_ws/install/rov_debug_interfaces/share/rov_debug_interfaces/local_setup.dsv
-- Symlinking: /home/zainstark/MATE-ROV-2025/software/gui/ros_ws/install/rov_debug_interfaces/share/rov_debug_interfaces/package.dsv
-- Symlinking: /home/zainstark/MATE-ROV-2025/software/gui/ros_ws/install/rov_debug_interfaces/share/ament_index/resource_index/packages/rov_debug_interfaces
-- Symlinking: /home/zainstark/MATE-ROV-2025/software/gui/ros_ws/install/rov_debug_interfaces/share/rov_debug_interfaces/cmake/rosidl_cmake-extras.cmake
-- Symlinking: /home/zainstark/MATE-ROV-2025/software/gui/ros_ws/install/rov_debug_interfaces/share/rov_debug_interfaces/cmake/ament_cmake_export_include_directories-extras.cmake
-- Symlinking: /home/zainstark/MATE-ROV-2025/software/gui/ros_ws/install/rov_debug_interfaces/share/rov_debug_interfaces/cmake/ament_cmake_export_libraries-extras.cmake
-- Symlinking: /home/zainstark/MATE-ROV-2025/software/gui/ros_ws/install/rov_debug_interfaces/share/rov_debug_interfaces/cmake/ament_cmake_export_targets-extras.cmake
-- Symlinking: /home/zainstark/MATE-ROV-2025/software/gui/ros_ws/install/rov_debug_interfaces/share/rov_debug_interfaces/cmake/rosidl_cmake_export_typesupport_targets-extras.cmake
-- Symlinking: /home/zainstark/MATE-ROV-2025/software/gui/ros_ws/install/rov_debug_interfaces/share/rov_debug_interfaces/cmake/ament_cmake_export_dependencies-extras.cmake
-- Symlinking: /home/zainstark/MATE-ROV-2025/software/gui/ros_ws/install/rov_debug_interfaces/share/rov_debug_interfaces/cmake/rosidl_cmake_export_typesupport_libraries-extras.cmake
-- Symlinking: /home/zainstark/MATE-ROV-2025/software/gui/ros_ws/install/rov_debug_interfaces/share/rov_debug_interfaces/cmake/rov_debug_interfacesConfig.cmake
-- Symlinking: /home/zainstark/MATE-ROV-2025/software/gui/ros_ws/install/rov_debug_interfaces/share/rov_debug_interfaces/cmake/rov_debug_interfacesConfig-version.cmake
-- Symlinking: /home/zainstark/MATE-ROV-2025/software/gui/ros_ws/install/rov_debug_interfaces/share/rov_debug_interfaces/package.xml
-- Installing: /home/zainstark/MATE-ROV-2025/software/gui/ros_ws/install/rov_debug_interfaces/lib/librov_debug_interfaces__rosidl_generator_c.so
-- Set runtime path of "/home/zainstark/MATE-ROV-2025/software/gui/ros_ws/install/rov_debug_interfaces/lib/librov_debug_interfaces__rosidl_generator_c.so" to ""
-- Installing: /home/zainstark/MATE-ROV-2025/software/gui/ros_ws/install/rov_debug_interfaces/lib/librov_debug_interfaces__rosidl_typesupport_fastrtps_c.so
-- Set runtime path of "/home/zainstark/MATE-ROV-2025/software/gui/ros_ws/install/rov_debug_interfaces/lib/librov_debug_interfaces__rosidl_typesupport_fastrtps_c.so" to ""
-- Installing: /home/zainstark/MATE-ROV-2025/software/gui/ros_ws/install/rov_debug_interfaces/lib/librov_debug_interfaces__rosidl_typesupport_introspection_c.so
-- Set runtime path of "/home/zainstark/MATE-ROV-2025/software/gui/ros_ws/install/rov_debug_interfaces/lib/librov_debug_interfaces__rosidl_typesupport_introspection_c.so" to ""
-- Installing: /home/zainstark/MATE-ROV-2025/software/gui/ros_ws/install/rov_debug_interfaces/lib/librov_debug_interfaces__rosidl_typesupport_c.so
-- Set runtime path of "/home/zainstark/MATE-ROV-2025/software/gui/ros_ws/install/rov_debug_interfaces/lib/librov_debug_interfaces__rosidl_typesupport_c.so" to ""
-- Installing: /home/zainstark/MATE-ROV-2025/software/gui/ros_ws/install/rov_debug_interfaces/lib/librov_debug_interfaces__rosidl_typesupport_fastrtps_cpp.so
-- Set runtime path of "/home/zainstark/MATE-ROV-2025/software/gui/ros_ws/install/rov_debug_interfaces/lib/librov_debug_interfaces__rosidl_typesupport_fastrtps_cpp.so" to ""
-- Installing: /home/zainstark/MATE-ROV-2025/software/gui/ros_ws/install/rov_debug_interfaces/lib/librov_debug_interfaces__rosidl_typesupport_introspection_cpp.so
-- Set runtime path of "/home/zainstark/MATE-ROV-2025/software/gui/ros_ws/install/rov_debug_interfaces/lib/librov_debug_interfaces__rosidl_typesupport_introspection_cpp.so" to ""
-- Installing: /home/zainstark/MATE-ROV-2025/software/gui/ros_ws/install/rov_debug_interfaces/lib/librov_debug_interfaces__rosidl_typesupport_cpp.so
-- Set runtime path of "/home/zainstark/MATE-ROV-2025/software/gui/ros_ws/install/rov_debug_interfaces/lib/librov_debug_interfaces__rosidl_typesupport_cpp.so" to ""
Listing '/home/zainstark/MATE-ROV-2025/software/gui/ros_ws/install/rov_debug_interfaces/local/lib/python3.10/dist-packages/rov_debug_interfaces'...
Compiling '/home/zainstark/MATE-ROV-2025/software/gui/ros_ws/install/rov_debug_interfaces/local/lib/python3.10/dist-packages/rov_debug_interfaces/__init__.py'...
Listing '/home/zainstark/MATE-ROV-2025/software/gui/ros_ws/install/rov_debug_interfaces/local/lib/python3.10/dist-packages/rov_debug_interfaces/msg'...
Compiling '/home/zainstark/MATE-ROV-2025/software/gui/ros_ws/install/rov_debug_interfaces/local/lib/python3.10/dist-packages/rov_debug_interfaces/msg/__init__.py'...
Compiling '/home/zainstark/MATE-ROV-2025/software/gui/ros_ws/install/rov_debug_interfaces/local/lib/python3.10/dist-packages/rov_debug_interfaces/msg/_decoded_data.py'...
Compiling '/home/zainstark/MATE-ROV-2025/software/gui/ros_ws/install/rov_debug_interfaces/local/lib/python3.10/dist-packages/rov_debug_interfaces/msg/_imu.py'...
-- Installing: /home/zainstark/MATE-ROV-2025/software/gui/ros_ws/install/rov_debug_interfaces/lib/librov_debug_interfaces__rosidl_generator_py.so
-- Set runtime path of "/home/zainstark/MATE-ROV-2025/software/gui/ros_ws/install/rov_debug_interfaces/lib/librov_debug_interfaces__rosidl_generator_py.so" to ""
-- Installing: /home/zainstark/MATE-ROV-2025/software/gui/ros_ws/install/rov_debug_interfaces/share/rov_debug_interfaces/cmake/export_rov_debug_interfaces__rosidl_generator_cExport.cmake
-- Installing: /home/zainstark/MATE-ROV-2025/software/gui/ros_ws/install/rov_debug_interfaces/share/rov_debug_interfaces/cmake/export_rov_debug_interfaces__rosidl_generator_cExport-noconfig.cmake
-- Installing: /home/zainstark/MATE-ROV-2025/software/gui/ros_ws/install/rov_debug_interfaces/share/rov_debug_interfaces/cmake/export_rov_debug_interfaces__rosidl_typesupport_fastrtps_cExport.cmake
-- Installing: /home/zainstark/MATE-ROV-2025/software/gui/ros_ws/install/rov_debug_interfaces/share/rov_debug_interfaces/cmake/export_rov_debug_interfaces__rosidl_typesupport_fastrtps_cExport-noconfig.cmake
-- Installing: /home/zainstark/MATE-ROV-2025/software/gui/ros_ws/install/rov_debug_interfaces/share/rov_debug_interfaces/cmake/rov_debug_interfaces__rosidl_typesupport_introspection_cExport.cmake
-- Installing: /home/zainstark/MATE-ROV-2025/software/gui/ros_ws/install/rov_debug_interfaces/share/rov_debug_interfaces/cmake/rov_debug_interfaces__rosidl_typesupport_introspection_cExport-noconfig.cmake
-- Installing: /home/zainstark/MATE-ROV-2025/software/gui/ros_ws/install/rov_debug_interfaces/share/rov_debug_interfaces/cmake/rov_debug_interfaces__rosidl_typesupport_cExport.cmake
-- Installing: /home/zainstark/MATE-ROV-2025/software/gui/ros_ws/install/rov_debug_interfaces/share/rov_debug_interfaces/cmake/rov_debug_interfaces__rosidl_typesupport_cExport-noconfig.cmake
-- Installing: /home/zainstark/MATE-ROV-2025/software/gui/ros_ws/install/rov_debug_interfaces/share/rov_debug_interfaces/cmake/export_rov_debug_interfaces__rosidl_generator_cppExport.cmake
-- Installing: /home/zainstark/MATE-ROV-2025/software/gui/ros_ws/install/rov_debug_interfaces/share/rov_debug_interfaces/cmake/export_rov_debug_interfaces__rosidl_typesupport_fastrtps_cppExport.cmake
-- Installing: /home/zainstark/MATE-ROV-2025/software/gui/ros_ws/install/rov_debug_interfaces/share/rov_debug_interfaces/cmake/export_rov_debug_interfaces__rosidl_typesupport_fastrtps_cppExport-noconfig.cmake
-- Installing: /home/zainstark/MATE-ROV-2025/software/gui/ros_ws/install/rov_debug_interfaces/share/rov_debug_interfaces/cmake/rov_debug_interfaces__rosidl_typesupport_introspection_cppExport.cmake
-- Installing: /home/zainstark/MATE-ROV-2025/software/gui/ros_ws/install/rov_debug_interfaces/share/rov_debug_interfaces/cmake/rov_debug_interfaces__rosidl_typesupport_introspection_cppExport-noconfig.cmake
-- Installing: /home/zainstark/MATE-ROV-2025/software/gui/ros_ws/install/rov_debug_interfaces/share/rov_debug_interfaces/cmake/rov_debug_interfaces__rosidl_typesupport_cppExport.cmake
-- Installing: /home/zainstark/MATE-ROV-2025/software/gui/ros_ws/install/rov_debug_interfaces/share/rov_debug_interfaces/cmake/rov_debug_interfaces__rosidl_typesupport_cppExport-noconfig.cmake
-- Installing: /home/zainstark/MATE-ROV-2025/software/gui/ros_ws/install/rov_debug_interfaces/share/rov_debug_interfaces/cmake/export_rov_debug_interfaces__rosidl_generator_pyExport.cmake
-- Installing: /home/zainstark/MATE-ROV-2025/software/gui/ros_ws/install/rov_debug_interfaces/share/rov_debug_interfaces/cmake/export_rov_debug_interfaces__rosidl_generator_pyExport-noconfig.cmake
