[0.192s] Invoking command in '/home/zainstark/MATE-ROV-2025/software/gui/ros_ws/build/rov_debug_interfaces': CMAKE_PREFIX_PATH=/opt/ros/humble /usr/bin/cmake /home/zainstark/MATE-ROV-2025/software/gui/ros_ws/src/rov_debug_interfaces -DAMENT_CMAKE_SYMLINK_INSTALL=1 -DCMAKE_INSTALL_PREFIX=/home/zainstark/MATE-ROV-2025/software/gui/ros_ws/install/rov_debug_interfaces
[0.206s] -- Found ament_cmake: 1.3.11 (/opt/ros/humble/share/ament_cmake/cmake)
[0.327s] -- Found Python3: /usr/bin/python3 (found version "3.10.12") found components: Interpreter 
[0.383s] -- Override CMake install command with custom implementation using symlinks instead of copying resources
[0.411s] -- Found rosidl_default_generators: 1.2.0 (/opt/ros/humble/share/rosidl_default_generators/cmake)
[0.414s] -- Using all available rosidl_typesupport_c: rosidl_typesupport_fastrtps_c;rosidl_typesupport_introspection_c
[0.421s] -- Found rosidl_adapter: 3.1.6 (/opt/ros/humble/share/rosidl_adapter/cmake)
[0.463s] -- Using all available rosidl_typesupport_cpp: rosidl_typesupport_fastrtps_cpp;rosidl_typesupport_introspection_cpp
[0.691s] -- Found ament_cmake_ros: 0.10.0 (/opt/ros/humble/share/ament_cmake_ros/cmake)
[0.838s] -- Using all available rosidl_typesupport_c: rosidl_typesupport_fastrtps_c;rosidl_typesupport_introspection_c
[1.019s] -- Using all available rosidl_typesupport_cpp: rosidl_typesupport_fastrtps_cpp;rosidl_typesupport_introspection_cpp
[1.037s] -- Found PythonInterp: /usr/bin/python3 (found suitable version "3.10.12", minimum required is "3.6") 
[1.038s] -- Found python_cmake_module: 0.10.0 (/opt/ros/humble/share/python_cmake_module/cmake)
[1.059s] -- Found PythonLibs: /usr/lib/x86_64-linux-gnu/libpython3.10.so (found suitable version "3.10.12", minimum required is "3.5") 
[1.059s] -- Using PYTHON_EXECUTABLE: /usr/bin/python3
[1.059s] -- Using PYTHON_INCLUDE_DIRS: /usr/include/python3.10
[1.059s] -- Using PYTHON_LIBRARIES: /usr/lib/x86_64-linux-gnu/libpython3.10.so
[1.075s] -- Found PythonExtra: .so  
[1.111s] -- Configuring done
[1.138s] -- Generating done
[1.147s] -- Build files have been written to: /home/zainstark/MATE-ROV-2025/software/gui/ros_ws/build/rov_debug_interfaces
[1.152s] Invoked command in '/home/zainstark/MATE-ROV-2025/software/gui/ros_ws/build/rov_debug_interfaces' returned '0': CMAKE_PREFIX_PATH=/opt/ros/humble /usr/bin/cmake /home/zainstark/MATE-ROV-2025/software/gui/ros_ws/src/rov_debug_interfaces -DAMENT_CMAKE_SYMLINK_INSTALL=1 -DCMAKE_INSTALL_PREFIX=/home/zainstark/MATE-ROV-2025/software/gui/ros_ws/install/rov_debug_interfaces
[1.153s] Invoking command in '/home/zainstark/MATE-ROV-2025/software/gui/ros_ws/build/rov_debug_interfaces': CMAKE_PREFIX_PATH=/opt/ros/humble /usr/bin/cmake --build /home/zainstark/MATE-ROV-2025/software/gui/ros_ws/build/rov_debug_interfaces -- -j12 -l12
[1.186s] [  2%] [34m[1mGenerating C code for ROS interfaces[0m
[1.193s] [  5%] [34m[1mGenerating C++ code for ROS interfaces[0m
[1.201s] [  5%] Built target ament_cmake_python_symlink_rov_debug_interfaces
[1.383s] running egg_info
[1.384s] creating rov_debug_interfaces.egg-info
[1.384s] writing rov_debug_interfaces.egg-info/PKG-INFO
[1.384s] writing dependency_links to rov_debug_interfaces.egg-info/dependency_links.txt
[1.384s] writing top-level names to rov_debug_interfaces.egg-info/top_level.txt
[1.384s] writing manifest file 'rov_debug_interfaces.egg-info/SOURCES.txt'
[1.386s] reading manifest file 'rov_debug_interfaces.egg-info/SOURCES.txt'
[1.386s] writing manifest file 'rov_debug_interfaces.egg-info/SOURCES.txt'
[1.407s] [  5%] Built target ament_cmake_python_build_rov_debug_interfaces_egg
[1.463s] [  5%] Built target rov_debug_interfaces__cpp
[1.464s] [  7%] [32mBuilding C object CMakeFiles/rov_debug_interfaces__rosidl_generator_c.dir/rosidl_generator_c/rov_debug_interfaces/msg/detail/imu__functions.c.o[0m
[1.464s] [ 10%] [32mBuilding C object CMakeFiles/rov_debug_interfaces__rosidl_generator_c.dir/rosidl_generator_c/rov_debug_interfaces/msg/detail/decoded_data__functions.c.o[0m
[1.472s] [ 17%] [34m[1mGenerating C++ introspection for ROS interfaces[0m
[1.472s] [ 17%] [34m[1mGenerating C++ type support dispatch for ROS interfaces[0m
[1.472s] [ 17%] [34m[1mGenerating C++ type support for eProsima Fast-RTPS[0m
[1.520s] [ 20%] [32m[1mLinking C shared library librov_debug_interfaces__rosidl_generator_c.so[0m
[1.553s] [ 20%] Built target rov_debug_interfaces__rosidl_generator_c
[1.562s] [ 28%] [34m[1mGenerating C type support for eProsima Fast-RTPS[0m
[1.562s] [ 28%] [34m[1mGenerating C introspection for ROS interfaces[0m
[1.562s] [ 28%] [34m[1mGenerating C type support dispatch for ROS interfaces[0m
[1.705s] [ 30%] [32mBuilding CXX object CMakeFiles/rov_debug_interfaces__rosidl_typesupport_cpp.dir/rosidl_typesupport_cpp/rov_debug_interfaces/msg/imu__type_support.cpp.o[0m
[1.707s] [ 33%] [32mBuilding CXX object CMakeFiles/rov_debug_interfaces__rosidl_typesupport_cpp.dir/rosidl_typesupport_cpp/rov_debug_interfaces/msg/decoded_data__type_support.cpp.o[0m
[1.724s] [ 35%] [32mBuilding CXX object CMakeFiles/rov_debug_interfaces__rosidl_typesupport_introspection_cpp.dir/rosidl_typesupport_introspection_cpp/rov_debug_interfaces/msg/detail/imu__type_support.cpp.o[0m
[1.724s] [ 38%] [32mBuilding CXX object CMakeFiles/rov_debug_interfaces__rosidl_typesupport_introspection_cpp.dir/rosidl_typesupport_introspection_cpp/rov_debug_interfaces/msg/detail/decoded_data__type_support.cpp.o[0m
[1.746s] [ 43%] [32mBuilding CXX object CMakeFiles/rov_debug_interfaces__rosidl_typesupport_fastrtps_cpp.dir/rosidl_typesupport_fastrtps_cpp/rov_debug_interfaces/msg/detail/dds_fastrtps/decoded_data__type_support.cpp.o[0m
[1.746s] [ 43%] [32mBuilding CXX object CMakeFiles/rov_debug_interfaces__rosidl_typesupport_fastrtps_cpp.dir/rosidl_typesupport_fastrtps_cpp/rov_debug_interfaces/msg/detail/dds_fastrtps/imu__type_support.cpp.o[0m
[1.817s] [ 46%] [32mBuilding CXX object CMakeFiles/rov_debug_interfaces__rosidl_typesupport_c.dir/rosidl_typesupport_c/rov_debug_interfaces/msg/decoded_data__type_support.cpp.o[0m
[1.818s] [ 48%] [32mBuilding CXX object CMakeFiles/rov_debug_interfaces__rosidl_typesupport_c.dir/rosidl_typesupport_c/rov_debug_interfaces/msg/imu__type_support.cpp.o[0m
[1.834s] [ 53%] [32mBuilding C object CMakeFiles/rov_debug_interfaces__rosidl_typesupport_introspection_c.dir/rosidl_typesupport_introspection_c/rov_debug_interfaces/msg/detail/imu__type_support.c.o[0m
[1.834s] [ 53%] [32mBuilding C object CMakeFiles/rov_debug_interfaces__rosidl_typesupport_introspection_c.dir/rosidl_typesupport_introspection_c/rov_debug_interfaces/msg/detail/decoded_data__type_support.c.o[0m
[1.862s] [ 56%] [32m[1mLinking CXX shared library librov_debug_interfaces__rosidl_typesupport_c.so[0m
[1.875s] [ 58%] [32m[1mLinking C shared library librov_debug_interfaces__rosidl_typesupport_introspection_c.so[0m
[1.884s] [ 61%] [32mBuilding CXX object CMakeFiles/rov_debug_interfaces__rosidl_typesupport_fastrtps_c.dir/rosidl_typesupport_fastrtps_c/rov_debug_interfaces/msg/detail/decoded_data__type_support_c.cpp.o[0m
[1.884s] [ 64%] [32mBuilding CXX object CMakeFiles/rov_debug_interfaces__rosidl_typesupport_fastrtps_c.dir/rosidl_typesupport_fastrtps_c/rov_debug_interfaces/msg/detail/imu__type_support_c.cpp.o[0m
[1.920s] [ 64%] Built target rov_debug_interfaces__rosidl_typesupport_c
[1.921s] [ 64%] Built target rov_debug_interfaces__rosidl_typesupport_introspection_c
[2.050s] [ 66%] [32m[1mLinking CXX shared library librov_debug_interfaces__rosidl_typesupport_cpp.so[0m
[2.090s] [ 66%] Built target rov_debug_interfaces__rosidl_typesupport_cpp
[2.129s] [ 69%] [32m[1mLinking CXX shared library librov_debug_interfaces__rosidl_typesupport_introspection_cpp.so[0m
[2.144s] [ 71%] [32m[1mLinking CXX shared library librov_debug_interfaces__rosidl_typesupport_fastrtps_cpp.so[0m
[2.189s] [ 71%] Built target rov_debug_interfaces__rosidl_typesupport_introspection_cpp
[2.211s] [ 74%] [32m[1mLinking CXX shared library librov_debug_interfaces__rosidl_typesupport_fastrtps_c.so[0m
[2.215s] [ 74%] Built target rov_debug_interfaces__rosidl_typesupport_fastrtps_cpp
[2.269s] [ 74%] Built target rov_debug_interfaces__rosidl_typesupport_fastrtps_c
[2.285s] [ 74%] Built target rov_debug_interfaces
[2.301s] [ 76%] [34m[1mGenerating Python code for ROS interfaces[0m
[2.670s] [ 76%] Built target rov_debug_interfaces__py
[2.686s] [ 79%] [32mBuilding C object CMakeFiles/rov_debug_interfaces__rosidl_generator_py.dir/rosidl_generator_py/rov_debug_interfaces/msg/_decoded_data_s.c.o[0m
[2.686s] [ 82%] [32mBuilding C object CMakeFiles/rov_debug_interfaces__rosidl_generator_py.dir/rosidl_generator_py/rov_debug_interfaces/msg/_imu_s.c.o[0m
[2.810s] [ 84%] [32m[1mLinking C shared library rosidl_generator_py/rov_debug_interfaces/librov_debug_interfaces__rosidl_generator_py.so[0m
[2.843s] [ 84%] Built target rov_debug_interfaces__rosidl_generator_py
[2.860s] [ 92%] [32mBuilding C object CMakeFiles/rov_debug_interfaces__rosidl_typesupport_introspection_c__pyext.dir/rosidl_generator_py/rov_debug_interfaces/_rov_debug_interfaces_s.ep.rosidl_typesupport_introspection_c.c.o[0m
[2.860s] [ 92%] [32mBuilding C object CMakeFiles/rov_debug_interfaces__rosidl_typesupport_c__pyext.dir/rosidl_generator_py/rov_debug_interfaces/_rov_debug_interfaces_s.ep.rosidl_typesupport_c.c.o[0m
[2.860s] [ 92%] [32mBuilding C object CMakeFiles/rov_debug_interfaces__rosidl_typesupport_fastrtps_c__pyext.dir/rosidl_generator_py/rov_debug_interfaces/_rov_debug_interfaces_s.ep.rosidl_typesupport_fastrtps_c.c.o[0m
[2.932s] [ 97%] [32m[1mLinking C shared library rosidl_generator_py/rov_debug_interfaces/rov_debug_interfaces_s__rosidl_typesupport_introspection_c.cpython-310-x86_64-linux-gnu.so[0m
[2.932s] [ 97%] [32m[1mLinking C shared library rosidl_generator_py/rov_debug_interfaces/rov_debug_interfaces_s__rosidl_typesupport_c.cpython-310-x86_64-linux-gnu.so[0m
[2.938s] [100%] [32m[1mLinking C shared library rosidl_generator_py/rov_debug_interfaces/rov_debug_interfaces_s__rosidl_typesupport_fastrtps_c.cpython-310-x86_64-linux-gnu.so[0m
[2.960s] [100%] Built target rov_debug_interfaces__rosidl_typesupport_introspection_c__pyext
[2.960s] [100%] Built target rov_debug_interfaces__rosidl_typesupport_c__pyext
[2.966s] [100%] Built target rov_debug_interfaces__rosidl_typesupport_fastrtps_c__pyext
[2.976s] Invoked command in '/home/zainstark/MATE-ROV-2025/software/gui/ros_ws/build/rov_debug_interfaces' returned '0': CMAKE_PREFIX_PATH=/opt/ros/humble /usr/bin/cmake --build /home/zainstark/MATE-ROV-2025/software/gui/ros_ws/build/rov_debug_interfaces -- -j12 -l12
[2.985s] Invoking command in '/home/zainstark/MATE-ROV-2025/software/gui/ros_ws/build/rov_debug_interfaces': CMAKE_PREFIX_PATH=/opt/ros/humble /usr/bin/cmake --install /home/zainstark/MATE-ROV-2025/software/gui/ros_ws/build/rov_debug_interfaces
[2.990s] -- Install configuration: ""
[2.991s] -- Execute custom install script
[2.991s] -- Symlinking: /home/zainstark/MATE-ROV-2025/software/gui/ros_ws/install/rov_debug_interfaces/share/ament_index/resource_index/rosidl_interfaces/rov_debug_interfaces
[2.999s] -- Symlinking: /home/zainstark/MATE-ROV-2025/software/gui/ros_ws/install/rov_debug_interfaces/include/rov_debug_interfaces/rov_debug_interfaces/msg/decoded_data.h
[3.006s] -- Symlinking: /home/zainstark/MATE-ROV-2025/software/gui/ros_ws/install/rov_debug_interfaces/include/rov_debug_interfaces/rov_debug_interfaces/msg/detail/decoded_data__functions.h
[3.013s] -- Symlinking: /home/zainstark/MATE-ROV-2025/software/gui/ros_ws/install/rov_debug_interfaces/include/rov_debug_interfaces/rov_debug_interfaces/msg/detail/decoded_data__struct.h
[3.019s] -- Symlinking: /home/zainstark/MATE-ROV-2025/software/gui/ros_ws/install/rov_debug_interfaces/include/rov_debug_interfaces/rov_debug_interfaces/msg/detail/decoded_data__type_support.h
[3.026s] -- Symlinking: /home/zainstark/MATE-ROV-2025/software/gui/ros_ws/install/rov_debug_interfaces/include/rov_debug_interfaces/rov_debug_interfaces/msg/detail/imu__functions.h
[3.034s] -- Symlinking: /home/zainstark/MATE-ROV-2025/software/gui/ros_ws/install/rov_debug_interfaces/include/rov_debug_interfaces/rov_debug_interfaces/msg/detail/imu__struct.h
[3.041s] -- Symlinking: /home/zainstark/MATE-ROV-2025/software/gui/ros_ws/install/rov_debug_interfaces/include/rov_debug_interfaces/rov_debug_interfaces/msg/detail/imu__type_support.h
[3.047s] -- Symlinking: /home/zainstark/MATE-ROV-2025/software/gui/ros_ws/install/rov_debug_interfaces/include/rov_debug_interfaces/rov_debug_interfaces/msg/imu.h
[3.054s] -- Symlinking: /home/zainstark/MATE-ROV-2025/software/gui/ros_ws/install/rov_debug_interfaces/include/rov_debug_interfaces/rov_debug_interfaces/msg/rosidl_generator_c__visibility_control.h
[3.061s] -- Symlinking: /home/zainstark/MATE-ROV-2025/software/gui/ros_ws/install/rov_debug_interfaces/share/rov_debug_interfaces/environment/library_path.sh
[3.068s] -- Symlinking: /home/zainstark/MATE-ROV-2025/software/gui/ros_ws/install/rov_debug_interfaces/share/rov_debug_interfaces/environment/library_path.dsv
[3.075s] -- Symlinking: /home/zainstark/MATE-ROV-2025/software/gui/ros_ws/install/rov_debug_interfaces/include/rov_debug_interfaces/rov_debug_interfaces/msg/detail/decoded_data__rosidl_typesupport_fastrtps_c.h
[3.081s] -- Symlinking: /home/zainstark/MATE-ROV-2025/software/gui/ros_ws/install/rov_debug_interfaces/include/rov_debug_interfaces/rov_debug_interfaces/msg/detail/imu__rosidl_typesupport_fastrtps_c.h
[3.088s] -- Symlinking: /home/zainstark/MATE-ROV-2025/software/gui/ros_ws/install/rov_debug_interfaces/include/rov_debug_interfaces/rov_debug_interfaces/msg/rosidl_typesupport_fastrtps_c__visibility_control.h
[3.095s] -- Symlinking: /home/zainstark/MATE-ROV-2025/software/gui/ros_ws/install/rov_debug_interfaces/include/rov_debug_interfaces/rov_debug_interfaces/msg/detail/decoded_data__rosidl_typesupport_introspection_c.h
[3.102s] -- Symlinking: /home/zainstark/MATE-ROV-2025/software/gui/ros_ws/install/rov_debug_interfaces/include/rov_debug_interfaces/rov_debug_interfaces/msg/detail/imu__rosidl_typesupport_introspection_c.h
[3.109s] -- Symlinking: /home/zainstark/MATE-ROV-2025/software/gui/ros_ws/install/rov_debug_interfaces/include/rov_debug_interfaces/rov_debug_interfaces/msg/rosidl_typesupport_introspection_c__visibility_control.h
[3.116s] -- Symlinking: /home/zainstark/MATE-ROV-2025/software/gui/ros_ws/install/rov_debug_interfaces/include/rov_debug_interfaces/rov_debug_interfaces/msg/decoded_data.hpp
[3.123s] -- Symlinking: /home/zainstark/MATE-ROV-2025/software/gui/ros_ws/install/rov_debug_interfaces/include/rov_debug_interfaces/rov_debug_interfaces/msg/detail/decoded_data__builder.hpp
[3.130s] -- Symlinking: /home/zainstark/MATE-ROV-2025/software/gui/ros_ws/install/rov_debug_interfaces/include/rov_debug_interfaces/rov_debug_interfaces/msg/detail/decoded_data__struct.hpp
[3.137s] -- Symlinking: /home/zainstark/MATE-ROV-2025/software/gui/ros_ws/install/rov_debug_interfaces/include/rov_debug_interfaces/rov_debug_interfaces/msg/detail/decoded_data__traits.hpp
[3.144s] -- Symlinking: /home/zainstark/MATE-ROV-2025/software/gui/ros_ws/install/rov_debug_interfaces/include/rov_debug_interfaces/rov_debug_interfaces/msg/detail/decoded_data__type_support.hpp
[3.151s] -- Symlinking: /home/zainstark/MATE-ROV-2025/software/gui/ros_ws/install/rov_debug_interfaces/include/rov_debug_interfaces/rov_debug_interfaces/msg/detail/imu__builder.hpp
[3.158s] -- Symlinking: /home/zainstark/MATE-ROV-2025/software/gui/ros_ws/install/rov_debug_interfaces/include/rov_debug_interfaces/rov_debug_interfaces/msg/detail/imu__struct.hpp
[3.165s] -- Symlinking: /home/zainstark/MATE-ROV-2025/software/gui/ros_ws/install/rov_debug_interfaces/include/rov_debug_interfaces/rov_debug_interfaces/msg/detail/imu__traits.hpp
[3.171s] -- Symlinking: /home/zainstark/MATE-ROV-2025/software/gui/ros_ws/install/rov_debug_interfaces/include/rov_debug_interfaces/rov_debug_interfaces/msg/detail/imu__type_support.hpp
[3.178s] -- Symlinking: /home/zainstark/MATE-ROV-2025/software/gui/ros_ws/install/rov_debug_interfaces/include/rov_debug_interfaces/rov_debug_interfaces/msg/imu.hpp
[3.185s] -- Symlinking: /home/zainstark/MATE-ROV-2025/software/gui/ros_ws/install/rov_debug_interfaces/include/rov_debug_interfaces/rov_debug_interfaces/msg/rosidl_generator_cpp__visibility_control.hpp
[3.193s] -- Symlinking: /home/zainstark/MATE-ROV-2025/software/gui/ros_ws/install/rov_debug_interfaces/include/rov_debug_interfaces/rov_debug_interfaces/msg/detail/decoded_data__rosidl_typesupport_fastrtps_cpp.hpp
[3.200s] -- Symlinking: /home/zainstark/MATE-ROV-2025/software/gui/ros_ws/install/rov_debug_interfaces/include/rov_debug_interfaces/rov_debug_interfaces/msg/detail/imu__rosidl_typesupport_fastrtps_cpp.hpp
[3.207s] -- Symlinking: /home/zainstark/MATE-ROV-2025/software/gui/ros_ws/install/rov_debug_interfaces/include/rov_debug_interfaces/rov_debug_interfaces/msg/rosidl_typesupport_fastrtps_cpp__visibility_control.h
[3.214s] -- Symlinking: /home/zainstark/MATE-ROV-2025/software/gui/ros_ws/install/rov_debug_interfaces/include/rov_debug_interfaces/rov_debug_interfaces/msg/detail/decoded_data__rosidl_typesupport_introspection_cpp.hpp
[3.220s] -- Symlinking: /home/zainstark/MATE-ROV-2025/software/gui/ros_ws/install/rov_debug_interfaces/include/rov_debug_interfaces/rov_debug_interfaces/msg/detail/imu__rosidl_typesupport_introspection_cpp.hpp
[3.228s] -- Symlinking: /home/zainstark/MATE-ROV-2025/software/gui/ros_ws/install/rov_debug_interfaces/share/rov_debug_interfaces/environment/pythonpath.sh
[3.235s] -- Symlinking: /home/zainstark/MATE-ROV-2025/software/gui/ros_ws/install/rov_debug_interfaces/share/rov_debug_interfaces/environment/pythonpath.dsv
[3.242s] -- Symlinking: /home/zainstark/MATE-ROV-2025/software/gui/ros_ws/install/rov_debug_interfaces/local/lib/python3.10/dist-packages/rov_debug_interfaces-0.0.0-py3.10.egg-info/PKG-INFO
[3.249s] -- Symlinking: /home/zainstark/MATE-ROV-2025/software/gui/ros_ws/install/rov_debug_interfaces/local/lib/python3.10/dist-packages/rov_debug_interfaces-0.0.0-py3.10.egg-info/SOURCES.txt
[3.256s] -- Symlinking: /home/zainstark/MATE-ROV-2025/software/gui/ros_ws/install/rov_debug_interfaces/local/lib/python3.10/dist-packages/rov_debug_interfaces-0.0.0-py3.10.egg-info/dependency_links.txt
[3.263s] -- Symlinking: /home/zainstark/MATE-ROV-2025/software/gui/ros_ws/install/rov_debug_interfaces/local/lib/python3.10/dist-packages/rov_debug_interfaces-0.0.0-py3.10.egg-info/top_level.txt
[3.271s] -- Symlinking: /home/zainstark/MATE-ROV-2025/software/gui/ros_ws/install/rov_debug_interfaces/local/lib/python3.10/dist-packages/rov_debug_interfaces/__init__.py
[3.277s] -- Symlinking: /home/zainstark/MATE-ROV-2025/software/gui/ros_ws/install/rov_debug_interfaces/local/lib/python3.10/dist-packages/rov_debug_interfaces/_rov_debug_interfaces_s.ep.rosidl_typesupport_c.c
[3.284s] -- Symlinking: /home/zainstark/MATE-ROV-2025/software/gui/ros_ws/install/rov_debug_interfaces/local/lib/python3.10/dist-packages/rov_debug_interfaces/_rov_debug_interfaces_s.ep.rosidl_typesupport_fastrtps_c.c
[3.291s] -- Symlinking: /home/zainstark/MATE-ROV-2025/software/gui/ros_ws/install/rov_debug_interfaces/local/lib/python3.10/dist-packages/rov_debug_interfaces/_rov_debug_interfaces_s.ep.rosidl_typesupport_introspection_c.c
[3.298s] -- Symlinking: /home/zainstark/MATE-ROV-2025/software/gui/ros_ws/install/rov_debug_interfaces/local/lib/python3.10/dist-packages/rov_debug_interfaces/librov_debug_interfaces__rosidl_generator_py.so
[3.304s] -- Symlinking: /home/zainstark/MATE-ROV-2025/software/gui/ros_ws/install/rov_debug_interfaces/local/lib/python3.10/dist-packages/rov_debug_interfaces/msg/__init__.py
[3.312s] -- Symlinking: /home/zainstark/MATE-ROV-2025/software/gui/ros_ws/install/rov_debug_interfaces/local/lib/python3.10/dist-packages/rov_debug_interfaces/msg/_decoded_data.py
[3.319s] -- Symlinking: /home/zainstark/MATE-ROV-2025/software/gui/ros_ws/install/rov_debug_interfaces/local/lib/python3.10/dist-packages/rov_debug_interfaces/msg/_decoded_data_s.c
[3.326s] -- Symlinking: /home/zainstark/MATE-ROV-2025/software/gui/ros_ws/install/rov_debug_interfaces/local/lib/python3.10/dist-packages/rov_debug_interfaces/msg/_imu.py
[3.334s] -- Symlinking: /home/zainstark/MATE-ROV-2025/software/gui/ros_ws/install/rov_debug_interfaces/local/lib/python3.10/dist-packages/rov_debug_interfaces/msg/_imu_s.c
[3.341s] -- Symlinking: /home/zainstark/MATE-ROV-2025/software/gui/ros_ws/install/rov_debug_interfaces/local/lib/python3.10/dist-packages/rov_debug_interfaces/rov_debug_interfaces_s__rosidl_typesupport_c.cpython-310-x86_64-linux-gnu.so
[3.348s] -- Symlinking: /home/zainstark/MATE-ROV-2025/software/gui/ros_ws/install/rov_debug_interfaces/local/lib/python3.10/dist-packages/rov_debug_interfaces/rov_debug_interfaces_s__rosidl_typesupport_fastrtps_c.cpython-310-x86_64-linux-gnu.so
[3.354s] -- Symlinking: /home/zainstark/MATE-ROV-2025/software/gui/ros_ws/install/rov_debug_interfaces/local/lib/python3.10/dist-packages/rov_debug_interfaces/rov_debug_interfaces_s__rosidl_typesupport_introspection_c.cpython-310-x86_64-linux-gnu.so
[3.361s] -- Up-to-date symlink: /home/zainstark/MATE-ROV-2025/software/gui/ros_ws/install/rov_debug_interfaces/local/lib/python3.10/dist-packages/rov_debug_interfaces/rov_debug_interfaces_s__rosidl_typesupport_fastrtps_c.cpython-310-x86_64-linux-gnu.so
[3.362s] -- Up-to-date symlink: /home/zainstark/MATE-ROV-2025/software/gui/ros_ws/install/rov_debug_interfaces/local/lib/python3.10/dist-packages/rov_debug_interfaces/rov_debug_interfaces_s__rosidl_typesupport_introspection_c.cpython-310-x86_64-linux-gnu.so
[3.362s] -- Up-to-date symlink: /home/zainstark/MATE-ROV-2025/software/gui/ros_ws/install/rov_debug_interfaces/local/lib/python3.10/dist-packages/rov_debug_interfaces/rov_debug_interfaces_s__rosidl_typesupport_c.cpython-310-x86_64-linux-gnu.so
[3.362s] -- Symlinking: /home/zainstark/MATE-ROV-2025/software/gui/ros_ws/install/rov_debug_interfaces/share/rov_debug_interfaces/msg/Imu.idl
[3.369s] -- Symlinking: /home/zainstark/MATE-ROV-2025/software/gui/ros_ws/install/rov_debug_interfaces/share/rov_debug_interfaces/msg/DecodedData.idl
[3.376s] -- Symlinking: /home/zainstark/MATE-ROV-2025/software/gui/ros_ws/install/rov_debug_interfaces/share/rov_debug_interfaces/msg/Imu.msg
[3.383s] -- Symlinking: /home/zainstark/MATE-ROV-2025/software/gui/ros_ws/install/rov_debug_interfaces/share/rov_debug_interfaces/msg/DecodedData.msg
[3.390s] -- Symlinking: /home/zainstark/MATE-ROV-2025/software/gui/ros_ws/install/rov_debug_interfaces/share/ament_index/resource_index/package_run_dependencies/rov_debug_interfaces
[3.397s] -- Symlinking: /home/zainstark/MATE-ROV-2025/software/gui/ros_ws/install/rov_debug_interfaces/share/ament_index/resource_index/parent_prefix_path/rov_debug_interfaces
[3.404s] -- Symlinking: /home/zainstark/MATE-ROV-2025/software/gui/ros_ws/install/rov_debug_interfaces/share/rov_debug_interfaces/environment/ament_prefix_path.sh
[3.411s] -- Symlinking: /home/zainstark/MATE-ROV-2025/software/gui/ros_ws/install/rov_debug_interfaces/share/rov_debug_interfaces/environment/ament_prefix_path.dsv
[3.417s] -- Symlinking: /home/zainstark/MATE-ROV-2025/software/gui/ros_ws/install/rov_debug_interfaces/share/rov_debug_interfaces/environment/path.sh
[3.424s] -- Symlinking: /home/zainstark/MATE-ROV-2025/software/gui/ros_ws/install/rov_debug_interfaces/share/rov_debug_interfaces/environment/path.dsv
[3.431s] -- Symlinking: /home/zainstark/MATE-ROV-2025/software/gui/ros_ws/install/rov_debug_interfaces/share/rov_debug_interfaces/local_setup.bash
[3.438s] -- Symlinking: /home/zainstark/MATE-ROV-2025/software/gui/ros_ws/install/rov_debug_interfaces/share/rov_debug_interfaces/local_setup.sh
[3.445s] -- Symlinking: /home/zainstark/MATE-ROV-2025/software/gui/ros_ws/install/rov_debug_interfaces/share/rov_debug_interfaces/local_setup.zsh
[3.452s] -- Symlinking: /home/zainstark/MATE-ROV-2025/software/gui/ros_ws/install/rov_debug_interfaces/share/rov_debug_interfaces/local_setup.dsv
[3.459s] -- Symlinking: /home/zainstark/MATE-ROV-2025/software/gui/ros_ws/install/rov_debug_interfaces/share/rov_debug_interfaces/package.dsv
[3.466s] -- Symlinking: /home/zainstark/MATE-ROV-2025/software/gui/ros_ws/install/rov_debug_interfaces/share/ament_index/resource_index/packages/rov_debug_interfaces
[3.473s] -- Symlinking: /home/zainstark/MATE-ROV-2025/software/gui/ros_ws/install/rov_debug_interfaces/share/rov_debug_interfaces/cmake/rosidl_cmake-extras.cmake
[3.479s] -- Symlinking: /home/zainstark/MATE-ROV-2025/software/gui/ros_ws/install/rov_debug_interfaces/share/rov_debug_interfaces/cmake/ament_cmake_export_include_directories-extras.cmake
[3.486s] -- Symlinking: /home/zainstark/MATE-ROV-2025/software/gui/ros_ws/install/rov_debug_interfaces/share/rov_debug_interfaces/cmake/ament_cmake_export_libraries-extras.cmake
[3.493s] -- Symlinking: /home/zainstark/MATE-ROV-2025/software/gui/ros_ws/install/rov_debug_interfaces/share/rov_debug_interfaces/cmake/ament_cmake_export_targets-extras.cmake
[3.500s] -- Symlinking: /home/zainstark/MATE-ROV-2025/software/gui/ros_ws/install/rov_debug_interfaces/share/rov_debug_interfaces/cmake/rosidl_cmake_export_typesupport_targets-extras.cmake
[3.507s] -- Symlinking: /home/zainstark/MATE-ROV-2025/software/gui/ros_ws/install/rov_debug_interfaces/share/rov_debug_interfaces/cmake/ament_cmake_export_dependencies-extras.cmake
[3.514s] -- Symlinking: /home/zainstark/MATE-ROV-2025/software/gui/ros_ws/install/rov_debug_interfaces/share/rov_debug_interfaces/cmake/rosidl_cmake_export_typesupport_libraries-extras.cmake
[3.521s] -- Symlinking: /home/zainstark/MATE-ROV-2025/software/gui/ros_ws/install/rov_debug_interfaces/share/rov_debug_interfaces/cmake/rov_debug_interfacesConfig.cmake
[3.528s] -- Symlinking: /home/zainstark/MATE-ROV-2025/software/gui/ros_ws/install/rov_debug_interfaces/share/rov_debug_interfaces/cmake/rov_debug_interfacesConfig-version.cmake
[3.535s] -- Symlinking: /home/zainstark/MATE-ROV-2025/software/gui/ros_ws/install/rov_debug_interfaces/share/rov_debug_interfaces/package.xml
[3.542s] -- Installing: /home/zainstark/MATE-ROV-2025/software/gui/ros_ws/install/rov_debug_interfaces/lib/librov_debug_interfaces__rosidl_generator_c.so
[3.543s] -- Set runtime path of "/home/zainstark/MATE-ROV-2025/software/gui/ros_ws/install/rov_debug_interfaces/lib/librov_debug_interfaces__rosidl_generator_c.so" to ""
[3.543s] -- Installing: /home/zainstark/MATE-ROV-2025/software/gui/ros_ws/install/rov_debug_interfaces/lib/librov_debug_interfaces__rosidl_typesupport_fastrtps_c.so
[3.543s] -- Set runtime path of "/home/zainstark/MATE-ROV-2025/software/gui/ros_ws/install/rov_debug_interfaces/lib/librov_debug_interfaces__rosidl_typesupport_fastrtps_c.so" to ""
[3.543s] -- Installing: /home/zainstark/MATE-ROV-2025/software/gui/ros_ws/install/rov_debug_interfaces/lib/librov_debug_interfaces__rosidl_typesupport_introspection_c.so
[3.544s] -- Set runtime path of "/home/zainstark/MATE-ROV-2025/software/gui/ros_ws/install/rov_debug_interfaces/lib/librov_debug_interfaces__rosidl_typesupport_introspection_c.so" to ""
[3.544s] -- Installing: /home/zainstark/MATE-ROV-2025/software/gui/ros_ws/install/rov_debug_interfaces/lib/librov_debug_interfaces__rosidl_typesupport_c.so
[3.544s] -- Set runtime path of "/home/zainstark/MATE-ROV-2025/software/gui/ros_ws/install/rov_debug_interfaces/lib/librov_debug_interfaces__rosidl_typesupport_c.so" to ""
[3.544s] -- Installing: /home/zainstark/MATE-ROV-2025/software/gui/ros_ws/install/rov_debug_interfaces/lib/librov_debug_interfaces__rosidl_typesupport_fastrtps_cpp.so
[3.544s] -- Set runtime path of "/home/zainstark/MATE-ROV-2025/software/gui/ros_ws/install/rov_debug_interfaces/lib/librov_debug_interfaces__rosidl_typesupport_fastrtps_cpp.so" to ""
[3.544s] -- Installing: /home/zainstark/MATE-ROV-2025/software/gui/ros_ws/install/rov_debug_interfaces/lib/librov_debug_interfaces__rosidl_typesupport_introspection_cpp.so
[3.545s] -- Set runtime path of "/home/zainstark/MATE-ROV-2025/software/gui/ros_ws/install/rov_debug_interfaces/lib/librov_debug_interfaces__rosidl_typesupport_introspection_cpp.so" to ""
[3.545s] -- Installing: /home/zainstark/MATE-ROV-2025/software/gui/ros_ws/install/rov_debug_interfaces/lib/librov_debug_interfaces__rosidl_typesupport_cpp.so
[3.545s] -- Set runtime path of "/home/zainstark/MATE-ROV-2025/software/gui/ros_ws/install/rov_debug_interfaces/lib/librov_debug_interfaces__rosidl_typesupport_cpp.so" to ""
[3.575s] Listing '/home/zainstark/MATE-ROV-2025/software/gui/ros_ws/install/rov_debug_interfaces/local/lib/python3.10/dist-packages/rov_debug_interfaces'...
[3.575s] Compiling '/home/zainstark/MATE-ROV-2025/software/gui/ros_ws/install/rov_debug_interfaces/local/lib/python3.10/dist-packages/rov_debug_interfaces/__init__.py'...
[3.575s] Listing '/home/zainstark/MATE-ROV-2025/software/gui/ros_ws/install/rov_debug_interfaces/local/lib/python3.10/dist-packages/rov_debug_interfaces/msg'...
[3.575s] Compiling '/home/zainstark/MATE-ROV-2025/software/gui/ros_ws/install/rov_debug_interfaces/local/lib/python3.10/dist-packages/rov_debug_interfaces/msg/__init__.py'...
[3.575s] Compiling '/home/zainstark/MATE-ROV-2025/software/gui/ros_ws/install/rov_debug_interfaces/local/lib/python3.10/dist-packages/rov_debug_interfaces/msg/_decoded_data.py'...
[3.575s] Compiling '/home/zainstark/MATE-ROV-2025/software/gui/ros_ws/install/rov_debug_interfaces/local/lib/python3.10/dist-packages/rov_debug_interfaces/msg/_imu.py'...
[3.578s] -- Installing: /home/zainstark/MATE-ROV-2025/software/gui/ros_ws/install/rov_debug_interfaces/lib/librov_debug_interfaces__rosidl_generator_py.so
[3.579s] -- Set runtime path of "/home/zainstark/MATE-ROV-2025/software/gui/ros_ws/install/rov_debug_interfaces/lib/librov_debug_interfaces__rosidl_generator_py.so" to ""
[3.579s] -- Installing: /home/zainstark/MATE-ROV-2025/software/gui/ros_ws/install/rov_debug_interfaces/share/rov_debug_interfaces/cmake/export_rov_debug_interfaces__rosidl_generator_cExport.cmake
[3.579s] -- Installing: /home/zainstark/MATE-ROV-2025/software/gui/ros_ws/install/rov_debug_interfaces/share/rov_debug_interfaces/cmake/export_rov_debug_interfaces__rosidl_generator_cExport-noconfig.cmake
[3.579s] -- Installing: /home/zainstark/MATE-ROV-2025/software/gui/ros_ws/install/rov_debug_interfaces/share/rov_debug_interfaces/cmake/export_rov_debug_interfaces__rosidl_typesupport_fastrtps_cExport.cmake
[3.579s] -- Installing: /home/zainstark/MATE-ROV-2025/software/gui/ros_ws/install/rov_debug_interfaces/share/rov_debug_interfaces/cmake/export_rov_debug_interfaces__rosidl_typesupport_fastrtps_cExport-noconfig.cmake
[3.579s] -- Installing: /home/zainstark/MATE-ROV-2025/software/gui/ros_ws/install/rov_debug_interfaces/share/rov_debug_interfaces/cmake/rov_debug_interfaces__rosidl_typesupport_introspection_cExport.cmake
[3.579s] -- Installing: /home/zainstark/MATE-ROV-2025/software/gui/ros_ws/install/rov_debug_interfaces/share/rov_debug_interfaces/cmake/rov_debug_interfaces__rosidl_typesupport_introspection_cExport-noconfig.cmake
[3.580s] -- Installing: /home/zainstark/MATE-ROV-2025/software/gui/ros_ws/install/rov_debug_interfaces/share/rov_debug_interfaces/cmake/rov_debug_interfaces__rosidl_typesupport_cExport.cmake
[3.580s] -- Installing: /home/zainstark/MATE-ROV-2025/software/gui/ros_ws/install/rov_debug_interfaces/share/rov_debug_interfaces/cmake/rov_debug_interfaces__rosidl_typesupport_cExport-noconfig.cmake
[3.580s] -- Installing: /home/zainstark/MATE-ROV-2025/software/gui/ros_ws/install/rov_debug_interfaces/share/rov_debug_interfaces/cmake/export_rov_debug_interfaces__rosidl_generator_cppExport.cmake
[3.580s] -- Installing: /home/zainstark/MATE-ROV-2025/software/gui/ros_ws/install/rov_debug_interfaces/share/rov_debug_interfaces/cmake/export_rov_debug_interfaces__rosidl_typesupport_fastrtps_cppExport.cmake
[3.580s] -- Installing: /home/zainstark/MATE-ROV-2025/software/gui/ros_ws/install/rov_debug_interfaces/share/rov_debug_interfaces/cmake/export_rov_debug_interfaces__rosidl_typesupport_fastrtps_cppExport-noconfig.cmake
[3.580s] -- Installing: /home/zainstark/MATE-ROV-2025/software/gui/ros_ws/install/rov_debug_interfaces/share/rov_debug_interfaces/cmake/rov_debug_interfaces__rosidl_typesupport_introspection_cppExport.cmake
[3.581s] -- Installing: /home/zainstark/MATE-ROV-2025/software/gui/ros_ws/install/rov_debug_interfaces/share/rov_debug_interfaces/cmake/rov_debug_interfaces__rosidl_typesupport_introspection_cppExport-noconfig.cmake
[3.581s] -- Installing: /home/zainstark/MATE-ROV-2025/software/gui/ros_ws/install/rov_debug_interfaces/share/rov_debug_interfaces/cmake/rov_debug_interfaces__rosidl_typesupport_cppExport.cmake
[3.581s] -- Installing: /home/zainstark/MATE-ROV-2025/software/gui/ros_ws/install/rov_debug_interfaces/share/rov_debug_interfaces/cmake/rov_debug_interfaces__rosidl_typesupport_cppExport-noconfig.cmake
[3.581s] -- Installing: /home/zainstark/MATE-ROV-2025/software/gui/ros_ws/install/rov_debug_interfaces/share/rov_debug_interfaces/cmake/export_rov_debug_interfaces__rosidl_generator_pyExport.cmake
[3.581s] -- Installing: /home/zainstark/MATE-ROV-2025/software/gui/ros_ws/install/rov_debug_interfaces/share/rov_debug_interfaces/cmake/export_rov_debug_interfaces__rosidl_generator_pyExport-noconfig.cmake
[3.584s] Invoked command in '/home/zainstark/MATE-ROV-2025/software/gui/ros_ws/build/rov_debug_interfaces' returned '0': CMAKE_PREFIX_PATH=/opt/ros/humble /usr/bin/cmake --install /home/zainstark/MATE-ROV-2025/software/gui/ros_ws/build/rov_debug_interfaces
