[0.163s] Invoking command in '/home/zainstark/MATE-ROV-2025/software/gui/ros_ws/build/rov_debug_interfaces': /usr/bin/cmake /home/zainstark/MATE-ROV-2025/software/gui/ros_ws/src/rov_debug_interfaces -DAMENT_CMAKE_SYMLINK_INSTALL=1 -DCMAKE_INSTALL_PREFIX=/home/zainstark/MATE-ROV-2025/software/gui/ros_ws/install/rov_debug_interfaces
[0.300s] -- The C compiler identification is GNU 11.4.0
[0.388s] -- The CXX compiler identification is GNU 11.4.0
[0.397s] -- Detecting C compiler ABI info
[0.460s] -- Detecting C compiler ABI info - done
[0.466s] -- Check for working C compiler: /usr/bin/cc - skipped
[0.466s] -- Detecting C compile features
[0.467s] -- Detecting C compile features - done
[0.469s] -- Detecting CXX compiler ABI info
[0.536s] -- Detecting CXX compiler ABI info - done
[0.541s] -- Check for working CXX compiler: /usr/bin/c++ - skipped
[0.541s] -- Detecting CXX compile features
[0.542s] -- Detecting CXX compile features - done
[0.552s] [31mCMake Error at CMakeLists.txt:9 (find_package):
[0.552s]   By not providing "Findament_cmake.cmake" in CMAKE_MODULE_PATH this project
[0.552s]   has asked CMake to find a package configuration file provided by
[0.552s]   "ament_cmake", but CMake did not find one.
[0.552s] 
[0.552s]   Could not find a package configuration file provided by "ament_cmake" with
[0.552s]   any of the following names:
[0.552s] 
[0.552s]     ament_cmakeConfig.cmake
[0.552s]     ament_cmake-config.cmake
[0.552s] 
[0.552s]   Add the installation prefix of "ament_cmake" to CMAKE_PREFIX_PATH or set
[0.552s]   "ament_cmake_DIR" to a directory containing one of the above files.  If
[0.552s]   "ament_cmake" provides a separate development package or SDK, be sure it
[0.552s]   has been installed.
[0.552s] 
[0.552s] [0m
[0.552s] -- Configuring incomplete, errors occurred!
[0.552s] See also "/home/zainstark/MATE-ROV-2025/software/gui/ros_ws/build/rov_debug_interfaces/CMakeFiles/CMakeOutput.log".
[0.556s] Invoked command in '/home/zainstark/MATE-ROV-2025/software/gui/ros_ws/build/rov_debug_interfaces' returned '1': /usr/bin/cmake /home/zainstark/MATE-ROV-2025/software/gui/ros_ws/src/rov_debug_interfaces -DAMENT_CMAKE_SYMLINK_INSTALL=1 -DCMAKE_INSTALL_PREFIX=/home/zainstark/MATE-ROV-2025/software/gui/ros_ws/install/rov_debug_interfaces
